This is XeTeX, Version 3.14159265-2.6-0.99998 (TeX Live 2017/Debian) (preloaded format=xelatex 2018.2.19)  26 FEB 2018 21:10
entering extended mode
 restricted \write18 enabled.
 %&-line parsing enabled.
**/home/wopian/Repos/hibari-api/report/index.tex
(/home/wopian/Repos/hibari-api/report/index.tex
LaTeX2e <2017-04-15>
Babel <3.10> and hyphenation patterns for 3 language(s) loaded.
(/usr/share/texlive/texmf-dist/tex/latex/base/report.cls
Document Class: report 2014/09/29 v1.4h Standard LaTeX document class
(/usr/share/texlive/texmf-dist/tex/latex/base/size10.clo
File: size10.clo 2014/09/29 v1.4h Standard LaTeX file (size option)
)
\c@part=\count79
\c@chapter=\count80
\c@section=\count81
\c@subsection=\count82
\c@subsubsection=\count83
\c@paragraph=\count84
\c@subparagraph=\count85
\c@figure=\count86
\c@table=\count87
\abovecaptionskip=\skip41
\belowcaptionskip=\skip42
\bibindent=\dimen102
)
(/usr/share/texlive/texmf-dist/tex/generic/babel/babel.sty
Package: babel 2017/05/19 3.10 The Babel package

(/usr/share/texlive/texmf-dist/tex/generic/babel-english/british.ldf
Language: british 2017/06/06 v3.3r English support from the babel system

(/usr/share/texlive/texmf-dist/tex/generic/babel-english/english.ldf
Language: english 2017/06/06 v3.3r English support from the babel system

(/usr/share/texlive/texmf-dist/tex/generic/babel/babel.def
File: babel.def 2017/05/19 3.10 Babel common definitions
\babel@savecnt=\count88
\U@D=\dimen103

(/usr/share/texlive/texmf-dist/tex/generic/babel/xebabel.def))
\l@british = a dialect from \language\l@english 
\l@UKenglish = a dialect from \language\l@english 
\l@canadian = a dialect from \language\l@american 
\l@australian = a dialect from \language\l@british 
\l@newzealand = a dialect from \language\l@british 
)))
(/usr/share/texlive/texmf-dist/tex/latex/geometry/geometry.sty
Package: geometry 2010/09/12 v5.6 Page Geometry

(/usr/share/texlive/texmf-dist/tex/latex/graphics/keyval.sty
Package: keyval 2014/10/28 v1.15 key=value parser (DPC)
\KV@toks@=\toks14
)
(/usr/share/texlive/texmf-dist/tex/generic/oberdiek/ifpdf.sty
Package: ifpdf 2017/03/15 v3.2 Provides the ifpdf switch
)
(/usr/share/texlive/texmf-dist/tex/generic/oberdiek/ifvtex.sty
Package: ifvtex 2016/05/16 v1.6 Detect VTeX and its facilities (HO)
Package ifvtex Info: VTeX not detected.
)
(/usr/share/texlive/texmf-dist/tex/generic/ifxetex/ifxetex.sty
Package: ifxetex 2010/09/12 v0.6 Provides ifxetex conditional
)
\Gm@cnth=\count89
\Gm@cntv=\count90
\c@Gm@tempcnt=\count91
\Gm@bindingoffset=\dimen104
\Gm@wd@mp=\dimen105
\Gm@odd@mp=\dimen106
\Gm@even@mp=\dimen107
\Gm@layoutwidth=\dimen108
\Gm@layoutheight=\dimen109
\Gm@layouthoffset=\dimen110
\Gm@layoutvoffset=\dimen111
\Gm@dimlist=\toks15
)
(/usr/share/texlive/texmf-dist/tex/latex/subfiles/subfiles.sty
Package: subfiles 2012/05/23 Federico Garcia

(/usr/share/texlive/texmf-dist/tex/latex/tools/verbatim.sty
Package: verbatim 2014/10/28 v1.5q LaTeX2e package for verbatim enhancements
\every@verbatim=\toks16
\verbatim@line=\toks17
\verbatim@in@stream=\read1
))
(/usr/share/texlive/texmf-dist/tex/latex/enumitem/enumitem.sty
Package: enumitem 2011/09/28 v3.5.2 Customized lists
\labelindent=\skip43
\enit@outerparindent=\dimen112
\enit@toks=\toks18
\enit@inbox=\box26
\enitdp@description=\count92
)
(/usr/share/texlive/texmf-dist/tex/latex/datetime/datetime.sty
Package: datetime 2015/03/20 v2.60 Date Time Package

(/usr/share/texlive/texmf-dist/tex/latex/etoolbox/etoolbox.sty
Package: etoolbox 2017/01/02 v2.4 e-TeX tools for LaTeX (JAW)
\etb@tempcnta=\count93
)
(/usr/share/texlive/texmf-dist/tex/latex/fmtcount/fmtcount.sty
Package: fmtcount 2016/01/12 v3.02

(/usr/share/texlive/texmf-dist/tex/latex/base/ifthen.sty
Package: ifthen 2014/09/29 v1.1c Standard LaTeX ifthen package (DPC)
)
(/usr/share/texlive/texmf-dist/tex/latex/xkeyval/xkeyval.sty
Package: xkeyval 2014/12/03 v2.7a package option processing (HA)

(/usr/share/texlive/texmf-dist/tex/generic/xkeyval/xkeyval.tex
(/usr/share/texlive/texmf-dist/tex/generic/xkeyval/xkvutils.tex
\XKV@toks=\toks19
\XKV@tempa@toks=\toks20
)
\XKV@depth=\count94
File: xkeyval.tex 2014/12/03 v2.7a key=value parser (HA)
))
(/usr/share/texlive/texmf-dist/tex/latex/fmtcount/fcprefix.sty
Package: fcprefix 2012/09/28

(/usr/share/texlive/texmf-dist/tex/latex/fmtcount/fcnumparser.sty
Package: fcnumparser 2017/06/15
\fc@digit@counter=\count95
))
(/usr/share/texlive/texmf-dist/tex/latex/amsmath/amsgen.sty
File: amsgen.sty 1999/11/30 v2.0 generic functions
\@emptytoks=\toks21
\ex@=\dimen113
)
\c@padzeroesN=\count96
\fc@tmpcatcode=\count97
\@DT@modctr=\count98
\@ordinalctr=\count99
\@orgargctr=\count100
\@strctr=\count101
\@tmpstrctr=\count102
\@DT@loopN=\count103
\@DT@X=\count104

(/usr/share/texlive/texmf-dist/tex/latex/fmtcount/fc-english.def
File: fc-english.def 2016/01/12
))
(/usr/share/texlive/texmf-dist/tex/latex/datetime/datetime-defaults.sty
Package: datetime-defaults 2013/09/10
)
\@day=\count105
\@month=\count106
\@year=\count107
\c@HOUR=\count108
\c@HOURXII=\count109
\c@MINUTE=\count110
\c@TOHOUR=\count111
\c@TOMINUTE=\count112
\c@SECOND=\count113
\currenthour=\count114
\currentminute=\count115
\currentsecond=\count116
Package datetime Info: No datetime.cfg file found, using default settings on in
put line 308.
\@dtctr=\count117
\dayofyear=\count118
\dayofweek=\count119
LaTeX Info: Redefining \today on input line 736.

(/usr/share/texlive/texmf-dist/tex/latex/datetime/dt-british.def
File: dt-british.def 2013/09/10
)
\dt@a=\toks22
\dt@b=\toks23
)
(/usr/share/texlive/texmf-dist/tex/latex/graphics/graphicx.sty
Package: graphicx 2017/06/01 v1.1a Enhanced LaTeX Graphics (DPC,SPQR)

(/usr/share/texlive/texmf-dist/tex/latex/graphics/graphics.sty
Package: graphics 2017/06/13 v1.2b Standard LaTeX Graphics (DPC,SPQR)

(/usr/share/texlive/texmf-dist/tex/latex/graphics/trig.sty
Package: trig 2016/01/03 v1.10 sin cos tan (DPC)
)
(/usr/share/texlive/texmf-dist/tex/latex/graphics-cfg/graphics.cfg
File: graphics.cfg 2016/06/04 v1.11 sample graphics configuration
)
Package graphics Info: Driver file: xetex.def on input line 99.

(/usr/share/texlive/texmf-dist/tex/latex/graphics-def/xetex.def
File: xetex.def 2017/06/16 v5.0e Graphics/color driver for xetex
))
\Gin@req@height=\dimen114
\Gin@req@width=\dimen115
)
(/usr/share/texlive/texmf-dist/tex/latex/tocloft/tocloft.sty
Package: tocloft 2013/05/02 v2.3f parameterised ToC, etc., typesetting
Package tocloft Info: The document has chapter divisions on input line 44.
\cftparskip=\skip44
\cftbeforetoctitleskip=\skip45
\cftaftertoctitleskip=\skip46
\cftbeforepartskip=\skip47
\cftpartnumwidth=\skip48
\cftpartindent=\skip49
\cftbeforechapskip=\skip50
\cftchapindent=\skip51
\cftchapnumwidth=\skip52
\cftbeforesecskip=\skip53
\cftsecindent=\skip54
\cftsecnumwidth=\skip55
\cftbeforesubsecskip=\skip56
\cftsubsecindent=\skip57
\cftsubsecnumwidth=\skip58
\cftbeforesubsubsecskip=\skip59
\cftsubsubsecindent=\skip60
\cftsubsubsecnumwidth=\skip61
\cftbeforeparaskip=\skip62
\cftparaindent=\skip63
\cftparanumwidth=\skip64
\cftbeforesubparaskip=\skip65
\cftsubparaindent=\skip66
\cftsubparanumwidth=\skip67
\cftbeforeloftitleskip=\skip68
\cftafterloftitleskip=\skip69
\cftbeforefigskip=\skip70
\cftfigindent=\skip71
\cftfignumwidth=\skip72
\c@lofdepth=\count120
\c@lotdepth=\count121
\cftbeforelottitleskip=\skip73
\cftafterlottitleskip=\skip74
\cftbeforetabskip=\skip75
\cfttabindent=\skip76
\cfttabnumwidth=\skip77
)
(/usr/share/texlive/texmf-dist/tex/latex/titlesec/titlesec.sty
Package: titlesec 2016/03/21 v2.10.2 Sectioning titles
\ttl@box=\box27
\beforetitleunit=\skip78
\aftertitleunit=\skip79
\ttl@plus=\dimen116
\ttl@minus=\dimen117
\ttl@toksa=\toks24
\titlewidth=\dimen118
\titlewidthlast=\dimen119
\titlewidthfirst=\dimen120
)
(/usr/share/texlive/texmf-dist/tex/latex/base/fontenc.sty
Package: fontenc 2017/04/05 v2.0i Standard LaTeX package

(/usr/share/texlive/texmf-dist/tex/latex/base/t1enc.def
File: t1enc.def 2017/04/05 v2.0i Standard LaTeX file
LaTeX Font Info:    Redeclaring font encoding T1 on input line 48.
)
LaTeX Font Info:    Try loading font information for T1+lmr on input line 105.

(/usr/share/texmf/tex/latex/lm/t1lmr.fd
File: t1lmr.fd 2009/10/30 v1.6 Font defs for Latin Modern
))
(/usr/share/texlive/texmf-dist/tex/latex/noto/noto.sty
Package: noto 2017/01/05 (Bob Tennent) Supports Noto fonts for all LaTeX engine
s.

(/usr/share/texlive/texmf-dist/tex/generic/oberdiek/ifluatex.sty
Package: ifluatex 2016/05/16 v1.4 Provides the ifluatex switch (HO)
Package ifluatex Info: LuaTeX not detected.
)
(/usr/share/texlive/texmf-dist/tex/latex/base/textcomp.sty
Package: textcomp 2017/04/05 v2.0i Standard LaTeX package
Package textcomp Info: Sub-encoding information:
(textcomp)               5 = only ISO-Adobe without \textcurrency
(textcomp)               4 = 5 + \texteuro
(textcomp)               3 = 4 + \textohm
(textcomp)               2 = 3 + \textestimated + \textcurrency
(textcomp)               1 = TS1 - \textcircled - \t
(textcomp)               0 = TS1 (full)
(textcomp)             Font families with sub-encoding setting implement
(textcomp)             only a restricted character set as indicated.
(textcomp)             Family '?' is the default used for unknown fonts.
(textcomp)             See the documentation for details.
Package textcomp Info: Setting ? sub-encoding to TS1/1 on input line 79.

(/usr/share/texlive/texmf-dist/tex/latex/base/ts1enc.def
File: ts1enc.def 2001/06/05 v3.0e (jk/car/fm) Standard LaTeX file
)
LaTeX Info: Redefining \oldstylenums on input line 334.
Package textcomp Info: Setting cmr sub-encoding to TS1/0 on input line 349.
Package textcomp Info: Setting cmss sub-encoding to TS1/0 on input line 350.
Package textcomp Info: Setting cmtt sub-encoding to TS1/0 on input line 351.
Package textcomp Info: Setting cmvtt sub-encoding to TS1/0 on input line 352.
Package textcomp Info: Setting cmbr sub-encoding to TS1/0 on input line 353.
Package textcomp Info: Setting cmtl sub-encoding to TS1/0 on input line 354.
Package textcomp Info: Setting ccr sub-encoding to TS1/0 on input line 355.
Package textcomp Info: Setting ptm sub-encoding to TS1/4 on input line 356.
Package textcomp Info: Setting pcr sub-encoding to TS1/4 on input line 357.
Package textcomp Info: Setting phv sub-encoding to TS1/4 on input line 358.
Package textcomp Info: Setting ppl sub-encoding to TS1/3 on input line 359.
Package textcomp Info: Setting pag sub-encoding to TS1/4 on input line 360.
Package textcomp Info: Setting pbk sub-encoding to TS1/4 on input line 361.
Package textcomp Info: Setting pnc sub-encoding to TS1/4 on input line 362.
Package textcomp Info: Setting pzc sub-encoding to TS1/4 on input line 363.
Package textcomp Info: Setting bch sub-encoding to TS1/4 on input line 364.
Package textcomp Info: Setting put sub-encoding to TS1/5 on input line 365.
Package textcomp Info: Setting uag sub-encoding to TS1/5 on input line 366.
Package textcomp Info: Setting ugq sub-encoding to TS1/5 on input line 367.
Package textcomp Info: Setting ul8 sub-encoding to TS1/4 on input line 368.
Package textcomp Info: Setting ul9 sub-encoding to TS1/4 on input line 369.
Package textcomp Info: Setting augie sub-encoding to TS1/5 on input line 370.
Package textcomp Info: Setting dayrom sub-encoding to TS1/3 on input line 371.
Package textcomp Info: Setting dayroms sub-encoding to TS1/3 on input line 372.

Package textcomp Info: Setting pxr sub-encoding to TS1/0 on input line 373.
Package textcomp Info: Setting pxss sub-encoding to TS1/0 on input line 374.
Package textcomp Info: Setting pxtt sub-encoding to TS1/0 on input line 375.
Package textcomp Info: Setting txr sub-encoding to TS1/0 on input line 376.
Package textcomp Info: Setting txss sub-encoding to TS1/0 on input line 377.
Package textcomp Info: Setting txtt sub-encoding to TS1/0 on input line 378.
Package textcomp Info: Setting lmr sub-encoding to TS1/0 on input line 379.
Package textcomp Info: Setting lmdh sub-encoding to TS1/0 on input line 380.
Package textcomp Info: Setting lmss sub-encoding to TS1/0 on input line 381.
Package textcomp Info: Setting lmssq sub-encoding to TS1/0 on input line 382.
Package textcomp Info: Setting lmvtt sub-encoding to TS1/0 on input line 383.
Package textcomp Info: Setting lmtt sub-encoding to TS1/0 on input line 384.
Package textcomp Info: Setting qhv sub-encoding to TS1/0 on input line 385.
Package textcomp Info: Setting qag sub-encoding to TS1/0 on input line 386.
Package textcomp Info: Setting qbk sub-encoding to TS1/0 on input line 387.
Package textcomp Info: Setting qcr sub-encoding to TS1/0 on input line 388.
Package textcomp Info: Setting qcs sub-encoding to TS1/0 on input line 389.
Package textcomp Info: Setting qpl sub-encoding to TS1/0 on input line 390.
Package textcomp Info: Setting qtm sub-encoding to TS1/0 on input line 391.
Package textcomp Info: Setting qzc sub-encoding to TS1/0 on input line 392.
Package textcomp Info: Setting qhvc sub-encoding to TS1/0 on input line 393.
Package textcomp Info: Setting futs sub-encoding to TS1/4 on input line 394.
Package textcomp Info: Setting futx sub-encoding to TS1/4 on input line 395.
Package textcomp Info: Setting futj sub-encoding to TS1/4 on input line 396.
Package textcomp Info: Setting hlh sub-encoding to TS1/3 on input line 397.
Package textcomp Info: Setting hls sub-encoding to TS1/3 on input line 398.
Package textcomp Info: Setting hlst sub-encoding to TS1/3 on input line 399.
Package textcomp Info: Setting hlct sub-encoding to TS1/5 on input line 400.
Package textcomp Info: Setting hlx sub-encoding to TS1/5 on input line 401.
Package textcomp Info: Setting hlce sub-encoding to TS1/5 on input line 402.
Package textcomp Info: Setting hlcn sub-encoding to TS1/5 on input line 403.
Package textcomp Info: Setting hlcw sub-encoding to TS1/5 on input line 404.
Package textcomp Info: Setting hlcf sub-encoding to TS1/5 on input line 405.
Package textcomp Info: Setting pplx sub-encoding to TS1/3 on input line 406.
Package textcomp Info: Setting pplj sub-encoding to TS1/3 on input line 407.
Package textcomp Info: Setting ptmx sub-encoding to TS1/4 on input line 408.
Package textcomp Info: Setting ptmj sub-encoding to TS1/4 on input line 409.
)
(/usr/share/texlive/texmf-dist/tex/latex/fontspec/fontspec.sty
(/usr/share/texlive/texmf-dist/tex/latex/l3kernel/expl3.sty
Package: expl3 2017/05/29 L3 programming layer (loader) 

(/usr/share/texlive/texmf-dist/tex/latex/l3kernel/expl3-code.tex
Package: expl3 2017/05/29 L3 programming layer (code)
\c_max_int=\count122
\l_tmpa_int=\count123
\l_tmpb_int=\count124
\g_tmpa_int=\count125
\g_tmpb_int=\count126
\g__intarray_font_int=\count127
\g__prg_map_int=\count128
\c_log_iow=\count129
\l_iow_line_count_int=\count130
\l__iow_line_target_int=\count131
\l__iow_one_indent_int=\count132
\l__iow_indent_int=\count133
\c_zero_dim=\dimen121
\c_max_dim=\dimen122
\l_tmpa_dim=\dimen123
\l_tmpb_dim=\dimen124
\g_tmpa_dim=\dimen125
\g_tmpb_dim=\dimen126
\c_zero_skip=\skip80
\c_max_skip=\skip81
\l_tmpa_skip=\skip82
\l_tmpb_skip=\skip83
\g_tmpa_skip=\skip84
\g_tmpb_skip=\skip85
\c_zero_muskip=\muskip10
\c_max_muskip=\muskip11
\l_tmpa_muskip=\muskip12
\l_tmpb_muskip=\muskip13
\g_tmpa_muskip=\muskip14
\g_tmpb_muskip=\muskip15
\l_keys_choice_int=\count134
\c__fp_leading_shift_int=\count135
\c__fp_middle_shift_int=\count136
\c__fp_trailing_shift_int=\count137
\c__fp_big_leading_shift_int=\count138
\c__fp_big_middle_shift_int=\count139
\c__fp_big_trailing_shift_int=\count140
\c__fp_Bigg_leading_shift_int=\count141
\c__fp_Bigg_middle_shift_int=\count142
\c__fp_Bigg_trailing_shift_int=\count143
\l__sort_length_int=\count144
\l__sort_min_int=\count145
\l__sort_top_int=\count146
\l__sort_max_int=\count147
\l__sort_true_max_int=\count148
\l__sort_block_int=\count149
\l__sort_begin_int=\count150
\l__sort_end_int=\count151
\l__sort_A_int=\count152
\l__sort_B_int=\count153
\l__sort_C_int=\count154
\l__tl_build_start_index_int=\count155
\l__tl_build_index_int=\count156
\l__tl_analysis_normal_int=\count157
\l__tl_analysis_index_int=\count158
\l__tl_analysis_nesting_int=\count159
\l__tl_analysis_type_int=\count160
\l__regex_internal_a_int=\count161
\l__regex_internal_b_int=\count162
\l__regex_internal_c_int=\count163
\l__regex_balance_int=\count164
\l__regex_group_level_int=\count165
\l__regex_mode_int=\count166
\c__regex_cs_in_class_mode_int=\count167
\c__regex_cs_mode_int=\count168
\l__regex_catcodes_int=\count169
\l__regex_default_catcodes_int=\count170
\c__regex_catcode_L_int=\count171
\c__regex_catcode_O_int=\count172
\c__regex_catcode_A_int=\count173
\c__regex_all_catcodes_int=\count174
\l__regex_show_lines_int=\count175
\l__regex_min_state_int=\count176
\l__regex_max_state_int=\count177
\l__regex_left_state_int=\count178
\l__regex_right_state_int=\count179
\l__regex_capturing_group_int=\count180
\l__regex_min_pos_int=\count181
\l__regex_max_pos_int=\count182
\l__regex_current_pos_int=\count183
\l__regex_start_pos_int=\count184
\l__regex_success_pos_int=\count185
\l__regex_current_char_int=\count186
\l__regex_current_catcode_int=\count187
\l__regex_last_char_int=\count188
\l__regex_case_changed_char_int=\count189
\l__regex_current_state_int=\count190
\l__regex_step_int=\count191
\l__regex_min_active_int=\count192
\l__regex_max_active_int=\count193
\l__regex_replacement_csnames_int=\count194
\l__regex_match_count_int=\count195
\l__regex_min_submatch_int=\count196
\l__regex_submatch_int=\count197
\l__regex_zeroth_submatch_int=\count198
\c_empty_box=\box28
\l_tmpa_box=\box29
\l_tmpb_box=\box30
\g_tmpa_box=\box31
\g_tmpb_box=\box32
\l__box_top_dim=\dimen127
\l__box_bottom_dim=\dimen128
\l__box_left_dim=\dimen129
\l__box_right_dim=\dimen130
\l__box_top_new_dim=\dimen131
\l__box_bottom_new_dim=\dimen132
\l__box_left_new_dim=\dimen133
\l__box_right_new_dim=\dimen134
\l__box_internal_box=\box33
\l__coffin_internal_box=\box34
\l__coffin_internal_dim=\dimen135
\l__coffin_offset_x_dim=\dimen136
\l__coffin_offset_y_dim=\dimen137
\l__coffin_x_dim=\dimen138
\l__coffin_y_dim=\dimen139
\l__coffin_x_prime_dim=\dimen140
\l__coffin_y_prime_dim=\dimen141
\c_empty_coffin=\box35
\l__coffin_aligned_coffin=\box36
\l__coffin_aligned_internal_coffin=\box37
\l_tmpa_coffin=\box38
\l_tmpb_coffin=\box39
\l__coffin_display_coffin=\box40
\l__coffin_display_coord_coffin=\box41
\l__coffin_display_pole_coffin=\box42
\l__coffin_display_offset_dim=\dimen142
\l__coffin_display_x_dim=\dimen143
\l__coffin_display_y_dim=\dimen144
\l__coffin_bounding_shift_dim=\dimen145
\l__coffin_left_corner_dim=\dimen146
\l__coffin_right_corner_dim=\dimen147
\l__coffin_bottom_corner_dim=\dimen148
\l__coffin_top_corner_dim=\dimen149
\l__coffin_scaled_total_height_dim=\dimen150
\l__coffin_scaled_width_dim=\dimen151
)
(/usr/share/texlive/texmf-dist/tex/latex/l3kernel/l3xdvipdfmx.def
File: l3xdvidpfmx.def 2017/03/18 v L3 Experimental driver: xdvipdfmx
\g__driver_image_int=\count199
\l__driver_tmp_box=\box43
))
(/usr/share/texlive/texmf-dist/tex/latex/l3packages/xparse/xparse.sty
Package: xparse 2017/05/29 L3 Experimental document command parser
\l__xparse_current_arg_int=\count266
\g__xparse_grabber_int=\count267
\l__xparse_m_args_int=\count268
\l__xparse_mandatory_args_int=\count269
\l__xparse_v_nesting_int=\count270
)
Package: fontspec 2017/03/31 v2.6a Font selection for XeLaTeX and LuaLaTeX

(/usr/share/texlive/texmf-dist/tex/latex/fontspec/fontspec-xetex.sty
Package: fontspec-xetex 2017/03/31 v2.6a Font selection for XeLaTeX and LuaLaTe
X
\l__fontspec_script_int=\count271
\l__fontspec_language_int=\count272
\l__fontspec_strnum_int=\count273
\l__fontspec_tmp_int=\count274
\l__fontspec_em_int=\count275
\l__fontspec_emdef_int=\count276
\l__fontspec_strong_int=\count277
\l__fontspec_strongdef_int=\count278
\l__fontspec_tmpa_dim=\dimen152
\l__fontspec_tmpb_dim=\dimen153
\l__fontspec_tmpc_dim=\dimen154
\g__file_internal_ior=\read2

(/usr/share/texlive/texmf-dist/tex/latex/base/fontenc.sty
Package: fontenc 2017/04/05 v2.0i Standard LaTeX package

(/usr/share/texlive/texmf-dist/tex/latex/base/tuenc.def
File: tuenc.def 2017/04/05 v2.0i Standard LaTeX file
LaTeX Font Info:    Redeclaring font encoding TU on input line 82.
))
.................................................
. LaTeX info: "xparse/define-command"
. 
. Defining command \fontspec with sig. 'O{}mO{}' on line 472.
.................................................
.................................................
. LaTeX info: "xparse/define-command"
. 
. Defining command \setmainfont with sig. 'O{}mO{}' on line 483.
.................................................
.................................................
. LaTeX info: "xparse/define-command"
. 
. Defining command \setsansfont with sig. 'O{}mO{}' on line 503.
.................................................
.................................................
. LaTeX info: "xparse/define-command"
. 
. Defining command \setmonofont with sig. 'O{}mO{}' on line 523.
.................................................
.................................................
. LaTeX info: "xparse/define-command"
. 
. Defining command \setromanfont with sig. 'O{}mO{}' on line 543.
.................................................
.................................................
. LaTeX info: "xparse/define-command"
. 
. Defining command \setmathrm with sig. 'O{}mO{}' on line 547.
.................................................
.................................................
. LaTeX info: "xparse/define-command"
. 
. Defining command \setboldmathrm with sig. 'O{}mO{}' on line 555.
.................................................
.................................................
. LaTeX info: "xparse/define-command"
. 
. Defining command \setmathsf with sig. 'O{}mO{}' on line 563.
.................................................
.................................................
. LaTeX info: "xparse/define-command"
. 
. Defining command \setmathtt with sig. 'O{}mO{}' on line 571.
.................................................
.................................................
. LaTeX info: "xparse/define-command"
. 
. Defining command \newfontfamily with sig. 'mO{}mO{}' on line 586.
.................................................
.................................................
. LaTeX info: "xparse/define-command"
. 
. Defining command \newfontface with sig. 'mO{}mO{}' on line 603.
.................................................
.................................................
. LaTeX info: "xparse/define-command"
. 
. Defining command \defaultfontfeatures with sig. 't+om' on line 614.
.................................................
.................................................
. LaTeX info: "xparse/define-command"
. 
. Defining command \addfontfeatures with sig. 'm' on line 645.
.................................................
.................................................
. LaTeX info: "xparse/define-command"
. 
. Defining command \newfontfeature with sig. 'mm' on line 672.
.................................................
.................................................
. LaTeX info: "xparse/define-command"
. 
. Defining command \newAATfeature with sig. 'mmmm' on line 686.
.................................................
.................................................
. LaTeX info: "xparse/define-command"
. 
. Defining command \newopentypefeature with sig. 'mmm' on line 700.
.................................................
.................................................
. LaTeX info: "xparse/define-command"
. 
. Defining command \newICUfeature with sig. 'mmm' on line 720.
.................................................
.................................................
. LaTeX info: "xparse/define-command"
. 
. Defining command \aliasfontfeature with sig. 'mm' on line 724.
.................................................
.................................................
. LaTeX info: "xparse/define-command"
. 
. Defining command \aliasfontfeatureoption with sig. 'mmm' on line 745.
.................................................
.................................................
. LaTeX info: "xparse/define-command"
. 
. Defining command \newfontscript with sig. 'mm' on line 778.
.................................................
.................................................
. LaTeX info: "xparse/define-command"
. 
. Defining command \newfontlanguage with sig. 'mm' on line 782.
.................................................
.................................................
. LaTeX info: "xparse/define-command"
. 
. Defining command \DeclareFontsExtensions with sig. 'm' on line 786.
.................................................
.................................................
. LaTeX info: "xparse/define-command"
. 
. Defining command \IfFontFeatureActiveTF with sig. 'mmm' on line 797.
.................................................
.................................................
. LaTeX info: "xparse/define-command"
. 
. Defining command \EncodingCommand with sig. 'mO{}m' on line 3438.
.................................................
.................................................
. LaTeX info: "xparse/define-command"
. 
. Defining command \EncodingAccent with sig. 'mm' on line 3444.
.................................................
.................................................
. LaTeX info: "xparse/define-command"
. 
. Defining command \EncodingSymbol with sig. 'mm' on line 3450.
.................................................
.................................................
. LaTeX info: "xparse/define-command"
. 
. Defining command \EncodingComposite with sig. 'mmm' on line 3456.
.................................................
.................................................
. LaTeX info: "xparse/define-command"
. 
. Defining command \EncodingCompositeCommand with sig. 'mmm' on line 3462.
.................................................
.................................................
. LaTeX info: "xparse/define-command"
. 
. Defining command \DeclareUnicodeEncoding with sig. 'mm' on line 3487.
.................................................
.................................................
. LaTeX info: "xparse/define-command"
. 
. Defining command \UndeclareSymbol with sig. 'm' on line 3493.
.................................................
.................................................
. LaTeX info: "xparse/define-command"
. 
. Defining command \UndeclareComposite with sig. 'mm' on line 3501.
.................................................

(/usr/share/texlive/texmf-dist/tex/latex/fontspec/fontspec.cfg)
LaTeX Info: Redefining \itshape on input line 3686.
LaTeX Info: Redefining \slshape on input line 3691.
LaTeX Info: Redefining \scshape on input line 3696.
LaTeX Info: Redefining \upshape on input line 3701.
LaTeX Info: Redefining \em on input line 3731.
LaTeX Info: Redefining \emph on input line 3756.
LaTeX Info: Redefining \- on input line 3807.
.................................................
. LaTeX info: "xparse/redefine-command"
. 
. Redefining command \oldstylenums with sig. 'm' on line 3902.
.................................................
.................................................
. LaTeX info: "xparse/define-command"
. 
. Defining command \liningnums with sig. 'm' on line 3906.
.................................................
))
Requested font "[NotoSerif-Regular.ttf]/OT" at 10.0pt
 -> /usr/share/texlive/texmf-dist/fonts/truetype/google/noto/NotoSerif-Regular.
ttf
\g__fontspec_family_NotoSerif_int=\count279
Requested font "[NotoSerif-Bold.ttf]/OT" at 10.0pt
 -> /usr/share/texlive/texmf-dist/fonts/truetype/google/noto/NotoSerif-Bold.ttf
Requested font "[NotoSerif-Italic.ttf]/OT" at 10.0pt
 -> /usr/share/texlive/texmf-dist/fonts/truetype/google/noto/NotoSerif-Italic.t
tf
Requested font "[NotoSerif-BoldItalic.ttf]/OT" at 10.0pt
 -> /usr/share/texlive/texmf-dist/fonts/truetype/google/noto/NotoSerif-BoldItal
ic.ttf
.................................................
. fontspec info: "defining-font"
. 
. Font family 'NotoSerif(0)' created for font 'NotoSerif' with options
. [Ligatures = TeX,Scale = 1,Extension = .ttf,Ligatures=TeX,UprightFont =
. *-Regular,ItalicFont = *-Italic,BoldFont = *-Bold,BoldItalicFont =
. *-BoldItalic].
.  
.  This font family consists of the following NFSS series/shapes:
.  
. - 'normal' (m/n) with NFSS spec.:
. <->s*[1]"[NotoSerif-Regular.ttf]/OT:script=latn;language=DFLT;mapping=tex-tex
t;"
. - 'small caps'  (m/sc) with NFSS spec.: 
. - 'bold' (bx/n) with NFSS spec.:
. <->s*[1]"[NotoSerif-Bold.ttf]/OT:script=latn;language=DFLT;mapping=tex-text;"

. - 'bold small caps'  (bx/sc) with NFSS spec.: 
. - 'italic' (m/it) with NFSS spec.:
. <->s*[1]"[NotoSerif-Italic.ttf]/OT:script=latn;language=DFLT;mapping=tex-text
;"
. - 'italic small caps'  (m/itsc) with NFSS spec.: 
. - 'bold italic' (bx/it) with NFSS spec.:
. <->s*[1]"[NotoSerif-BoldItalic.ttf]/OT:script=latn;language=DFLT;mapping=tex-
text;"
. - 'bold italic small caps'  (bx/itsc) with NFSS spec.: 
.................................................
LaTeX Info: Redefining \rmfamily on input line 78.
LaTeX Font Info:    Font shape `TU/NotoSerif(0)/m/n' will be
(Font)              scaled to size 10.0pt on input line 78.
Requested font "[NotoSerif-Regular.ttf]/OT:script=latn;language=DFLT;mapping=te
x-text;" at 10.0pt
 -> /usr/share/texlive/texmf-dist/fonts/truetype/google/noto/NotoSerif-Regular.
ttf
Requested font "[NotoMono.ttf]/OT" at 10.0pt
 -> /usr/share/texlive/texmf-dist/fonts/truetype/google/noto/NotoMono.ttf
.................................................
. fontspec info: "no-scripts"
. 
. Font "NotoMono" does not contain any OpenType `Script' information.
.................................................
\g__fontspec_family_NotoMono_int=\count280
Requested font "[NotoMono-Bold.ttf]/OT" at 10.0pt
 -> /usr/share/texlive/texmf-dist/fonts/truetype/google/noto/NotoMono-Bold.ttf
Requested font "[NotoMono-Italic.ttf]/OT" at 10.0pt
 -> /usr/share/texlive/texmf-dist/fonts/truetype/google/noto/NotoMono-Italic.tt
f
Requested font "[NotoMono-BoldItalic.ttf]/OT" at 10.0pt
 -> /usr/share/texlive/texmf-dist/fonts/truetype/google/noto/NotoMono-BoldItali
c.ttf
.................................................
. fontspec info: "defining-font"
. 
. Font family 'NotoMono(0)' created for font 'NotoMono' with options
. [Ligatures = TeX,Scale = 1,Extension =
. .ttf,WordSpace={1,0,0},HyphenChar=None,PunctuationSpace=WordSpace,UprightFont

. = *,ItalicFont = *-Italic,BoldFont = *-Bold,BoldItalicFont = *-BoldItalic].
.  
.  This font family consists of the following NFSS series/shapes:
.  
. - 'normal' (m/n) with NFSS spec.:
. <->s*[1]"[NotoMono.ttf]/OT:mapping=tex-text;"
. - 'small caps'  (m/sc) with NFSS spec.: 
. and font adjustment code:
. \fontdimen 2\font =1\fontdimen 2\font \fontdimen 3\font =0\fontdimen 3\font
. \fontdimen 4\font =0\fontdimen 4\font \fontdimen 7\font =0\fontdimen 2\font
. \hyphenchar \font =\c_minus_one 
. - 'bold' (bx/n) with NFSS spec.:
. <->s*[1]"[NotoMono-Bold.ttf]/OT:mapping=tex-text;"
. - 'bold small caps'  (bx/sc) with NFSS spec.: 
. and font adjustment code:
. \fontdimen 2\font =1\fontdimen 2\font \fontdimen 3\font =0\fontdimen 3\font
. \fontdimen 4\font =0\fontdimen 4\font \fontdimen 7\font =0\fontdimen 2\font
. \hyphenchar \font =\c_minus_one 
. - 'italic' (m/it) with NFSS spec.:
. <->s*[1]"[NotoMono-Italic.ttf]/OT:mapping=tex-text;"
. - 'italic small caps'  (m/itsc) with NFSS spec.: 
. and font adjustment code:
. \fontdimen 2\font =1\fontdimen 2\font \fontdimen 3\font =0\fontdimen 3\font
. \fontdimen 4\font =0\fontdimen 4\font \fontdimen 7\font =0\fontdimen 2\font
. \hyphenchar \font =\c_minus_one 
. - 'bold italic' (bx/it) with NFSS spec.:
. <->s*[1]"[NotoMono-BoldItalic.ttf]/OT:mapping=tex-text;"
. - 'bold italic small caps'  (bx/itsc) with NFSS spec.: 
. and font adjustment code:
. \fontdimen 2\font =1\fontdimen 2\font \fontdimen 3\font =0\fontdimen 3\font
. \fontdimen 4\font =0\fontdimen 4\font \fontdimen 7\font =0\fontdimen 2\font
. \hyphenchar \font =\c_minus_one 
.................................................
LaTeX Info: Redefining \ttfamily on input line 86.
Requested font "[NotoSans-Regular.ttf]/OT" at 10.0pt
 -> /usr/share/texlive/texmf-dist/fonts/truetype/google/noto/NotoSans-Regular.t
tf
\g__fontspec_family_NotoSans_int=\count281
Requested font "[NotoSans-Bold.ttf]/OT" at 10.0pt
 -> /usr/share/texlive/texmf-dist/fonts/truetype/google/noto/NotoSans-Bold.ttf
Requested font "[NotoSans-Italic.ttf]/OT" at 10.0pt
 -> /usr/share/texlive/texmf-dist/fonts/truetype/google/noto/NotoSans-Italic.tt
f
Requested font "[NotoSans-BoldItalic.ttf]/OT" at 10.0pt
 -> /usr/share/texlive/texmf-dist/fonts/truetype/google/noto/NotoSans-BoldItali
c.ttf
.................................................
. fontspec info: "defining-font"
. 
. Font family 'NotoSans(0)' created for font 'NotoSans' with options
. [Ligatures = TeX,Scale = 1,Extension = .ttf,UprightFont =
. *-Regular,ItalicFont = *-Italic,BoldFont = *-Bold,BoldItalicFont =
. *-BoldItalic].
.  
.  This font family consists of the following NFSS series/shapes:
.  
. - 'normal' (m/n) with NFSS spec.:
. <->s*[1]"[NotoSans-Regular.ttf]/OT:script=latn;language=DFLT;mapping=tex-text
;"
. - 'small caps'  (m/sc) with NFSS spec.: 
. - 'bold' (bx/n) with NFSS spec.:
. <->s*[1]"[NotoSans-Bold.ttf]/OT:script=latn;language=DFLT;mapping=tex-text;"
. - 'bold small caps'  (bx/sc) with NFSS spec.: 
. - 'italic' (m/it) with NFSS spec.:
. <->s*[1]"[NotoSans-Italic.ttf]/OT:script=latn;language=DFLT;mapping=tex-text;
"
. - 'italic small caps'  (m/itsc) with NFSS spec.: 
. - 'bold italic' (bx/it) with NFSS spec.:
. <->s*[1]"[NotoSans-BoldItalic.ttf]/OT:script=latn;language=DFLT;mapping=tex-t
ext;"
. - 'bold italic small caps'  (bx/itsc) with NFSS spec.: 
.................................................
.................................................
. fontspec info: "defining-font"
. 
. Font family 'NotoSerif(1)' created for font 'NotoSerif' with options
. [Ligatures = TeX,Scale = 1,Extension = .ttf,UprightFont =
. *-Regular,ItalicFont = *-Italic,BoldFont = *-Bold,BoldItalicFont =
. *-BoldItalic].
.  
.  This font family consists of the following NFSS series/shapes:
.  
. - 'normal' (m/n) with NFSS spec.:
. <->s*[1]"[NotoSerif-Regular.ttf]/OT:script=latn;language=DFLT;mapping=tex-tex
t;"
. - 'small caps'  (m/sc) with NFSS spec.: 
. - 'bold' (bx/n) with NFSS spec.:
. <->s*[1]"[NotoSerif-Bold.ttf]/OT:script=latn;language=DFLT;mapping=tex-text;"

. - 'bold small caps'  (bx/sc) with NFSS spec.: 
. - 'italic' (m/it) with NFSS spec.:
. <->s*[1]"[NotoSerif-Italic.ttf]/OT:script=latn;language=DFLT;mapping=tex-text
;"
. - 'italic small caps'  (m/itsc) with NFSS spec.: 
. - 'bold italic' (bx/it) with NFSS spec.:
. <->s*[1]"[NotoSerif-BoldItalic.ttf]/OT:script=latn;language=DFLT;mapping=tex-
text;"
. - 'bold italic small caps'  (bx/itsc) with NFSS spec.: 
.................................................
.................................................
. fontspec info: "no-scripts"
. 
. Font "NotoMono" does not contain any OpenType `Script' information.
.................................................
.................................................
. fontspec info: "defining-font"
. 
. Font family 'NotoMono(1)' created for font 'NotoMono' with options
. [Ligatures = TeX,Scale = 1,Extension = .ttf,UprightFont = *,ItalicFont =
. *-Italic,BoldFont = *-Bold,BoldItalicFont = *-BoldItalic].
.  
.  This font family consists of the following NFSS series/shapes:
.  
. - 'normal' (m/n) with NFSS spec.:
. <->s*[1]"[NotoMono.ttf]/OT:mapping=tex-text;"
. - 'small caps'  (m/sc) with NFSS spec.: 
. - 'bold' (bx/n) with NFSS spec.:
. <->s*[1]"[NotoMono-Bold.ttf]/OT:mapping=tex-text;"
. - 'bold small caps'  (bx/sc) with NFSS spec.: 
. - 'italic' (m/it) with NFSS spec.:
. <->s*[1]"[NotoMono-Italic.ttf]/OT:mapping=tex-text;"
. - 'italic small caps'  (m/itsc) with NFSS spec.: 
. - 'bold italic' (bx/it) with NFSS spec.:
. <->s*[1]"[NotoMono-BoldItalic.ttf]/OT:mapping=tex-text;"
. - 'bold italic small caps'  (bx/itsc) with NFSS spec.: 
.................................................
)
(/usr/share/texlive/texmf-dist/tex/latex/sourcecodepro/sourcecodepro.sty
Package: sourcecodepro 2015/10/09 v2.6 Adobe's Source Code Pro typeface
Requested font "[SourceCodePro-Regular.otf]/OT" at 10.0pt
 -> /usr/share/texlive/texmf-dist/fonts/opentype/adobe/sourcecodepro/SourceCode
Pro-Regular.otf
\g__fontspec_family_SourceCodePro_int=\count282
Requested font "[SourceCodePro-Bold.otf]/OT" at 10.0pt
 -> /usr/share/texlive/texmf-dist/fonts/opentype/adobe/sourcecodepro/SourceCode
Pro-Bold.otf
Requested font "[SourceCodePro-RegularIt.otf]/OT" at 10.0pt
 -> /usr/share/texlive/texmf-dist/fonts/opentype/adobe/sourcecodepro/SourceCode
Pro-RegularIt.otf
Requested font "[SourceCodePro-BoldIt.otf]/OT" at 10.0pt
 -> /usr/share/texlive/texmf-dist/fonts/opentype/adobe/sourcecodepro/SourceCode
Pro-BoldIt.otf
.................................................
. fontspec info: "defining-font"
. 
. Font family 'SourceCodePro(0)' created for font 'SourceCodePro' with options
. [Ligatures = TeX,Numbers =,Scale = 1,Extension =
. .otf,WordSpace={1,0,0},HyphenChar=None,PunctuationSpace=WordSpace,UprightFont

. = *-Regular,ItalicFont = *-RegularIt,BoldFont = *-Bold,BoldItalicFont =
. *-BoldIt].
.  
.  This font family consists of the following NFSS series/shapes:
.  
. - 'normal' (m/n) with NFSS spec.:
. <->s*[1]"[SourceCodePro-Regular.otf]/OT:script=latn;language=DFLT;mapping=tex
-text;"
. - 'small caps'  (m/sc) with NFSS spec.: 
. and font adjustment code:
. \fontdimen 2\font =1\fontdimen 2\font \fontdimen 3\font =0\fontdimen 3\font
. \fontdimen 4\font =0\fontdimen 4\font \fontdimen 7\font =0\fontdimen 2\font
. \hyphenchar \font =\c_minus_one 
. - 'bold' (bx/n) with NFSS spec.:
. <->s*[1]"[SourceCodePro-Bold.otf]/OT:script=latn;language=DFLT;mapping=tex-te
xt;"
. - 'bold small caps'  (bx/sc) with NFSS spec.: 
. and font adjustment code:
. \fontdimen 2\font =1\fontdimen 2\font \fontdimen 3\font =0\fontdimen 3\font
. \fontdimen 4\font =0\fontdimen 4\font \fontdimen 7\font =0\fontdimen 2\font
. \hyphenchar \font =\c_minus_one 
. - 'italic' (m/it) with NFSS spec.:
. <->s*[1]"[SourceCodePro-RegularIt.otf]/OT:script=latn;language=DFLT;mapping=t
ex-text;"
. - 'italic small caps'  (m/itsc) with NFSS spec.: 
. and font adjustment code:
. \fontdimen 2\font =1\fontdimen 2\font \fontdimen 3\font =0\fontdimen 3\font
. \fontdimen 4\font =0\fontdimen 4\font \fontdimen 7\font =0\fontdimen 2\font
. \hyphenchar \font =\c_minus_one 
. - 'bold italic' (bx/it) with NFSS spec.:
. <->s*[1]"[SourceCodePro-BoldIt.otf]/OT:script=latn;language=DFLT;mapping=tex-
text;"
. - 'bold italic small caps'  (bx/itsc) with NFSS spec.: 
. and font adjustment code:
. \fontdimen 2\font =1\fontdimen 2\font \fontdimen 3\font =0\fontdimen 3\font
. \fontdimen 4\font =0\fontdimen 4\font \fontdimen 7\font =0\fontdimen 2\font
. \hyphenchar \font =\c_minus_one 
.................................................
LaTeX Info: Redefining \ttfamily on input line 118.
.................................................
. fontspec info: "defining-font"
. 
. Font family 'SourceCodePro(1)' created for font 'SourceCodePro' with options
. [Ligatures = TeX,Numbers =,Scale = 1,Extension = .otf,UprightFont =
. *-Regular,ItalicFont = *-RegularIt,BoldFont = *-Bold,BoldItalicFont =
. *-BoldIt].
.  
.  This font family consists of the following NFSS series/shapes:
.  
. - 'normal' (m/n) with NFSS spec.:
. <->s*[1]"[SourceCodePro-Regular.otf]/OT:script=latn;language=DFLT;mapping=tex
-text;"
. - 'small caps'  (m/sc) with NFSS spec.: 
. - 'bold' (bx/n) with NFSS spec.:
. <->s*[1]"[SourceCodePro-Bold.otf]/OT:script=latn;language=DFLT;mapping=tex-te
xt;"
. - 'bold small caps'  (bx/sc) with NFSS spec.: 
. - 'italic' (m/it) with NFSS spec.:
. <->s*[1]"[SourceCodePro-RegularIt.otf]/OT:script=latn;language=DFLT;mapping=t
ex-text;"
. - 'italic small caps'  (m/itsc) with NFSS spec.: 
. - 'bold italic' (bx/it) with NFSS spec.:
. <->s*[1]"[SourceCodePro-BoldIt.otf]/OT:script=latn;language=DFLT;mapping=tex-
text;"
. - 'bold italic small caps'  (bx/itsc) with NFSS spec.: 
.................................................
Requested font "[SourceCodePro-Medium.otf]/OT" at 10.0pt
 -> /usr/share/texlive/texmf-dist/fonts/opentype/adobe/sourcecodepro/SourceCode
Pro-Medium.otf
Requested font "[SourceCodePro-MediumIt.otf]/OT" at 10.0pt
 -> /usr/share/texlive/texmf-dist/fonts/opentype/adobe/sourcecodepro/SourceCode
Pro-MediumIt.otf
.................................................
. fontspec info: "defining-font"
. 
. Font family 'SourceCodePro(2)' created for font 'SourceCodePro' with options
. [Ligatures = TeX,Numbers =,Scale = 1,Extension = .otf,UprightFont =
. *-Medium,ItalicFont = *-MediumIt,BoldFont = *-Bold,BoldItalicFont =
. *-BoldIt].
.  
.  This font family consists of the following NFSS series/shapes:
.  
. - 'normal' (m/n) with NFSS spec.:
. <->s*[1]"[SourceCodePro-Medium.otf]/OT:script=latn;language=DFLT;mapping=tex-
text;"
. - 'small caps'  (m/sc) with NFSS spec.: 
. - 'bold' (bx/n) with NFSS spec.:
. <->s*[1]"[SourceCodePro-Bold.otf]/OT:script=latn;language=DFLT;mapping=tex-te
xt;"
. - 'bold small caps'  (bx/sc) with NFSS spec.: 
. - 'italic' (m/it) with NFSS spec.:
. <->s*[1]"[SourceCodePro-MediumIt.otf]/OT:script=latn;language=DFLT;mapping=te
x-text;"
. - 'italic small caps'  (m/itsc) with NFSS spec.: 
. - 'bold italic' (bx/it) with NFSS spec.:
. <->s*[1]"[SourceCodePro-BoldIt.otf]/OT:script=latn;language=DFLT;mapping=tex-
text;"
. - 'bold italic small caps'  (bx/itsc) with NFSS spec.: 
.................................................
Requested font "[SourceCodePro-Light.otf]/OT" at 10.0pt
 -> /usr/share/texlive/texmf-dist/fonts/opentype/adobe/sourcecodepro/SourceCode
Pro-Light.otf
Requested font "[SourceCodePro-Semibold.otf]/OT" at 10.0pt
 -> /usr/share/texlive/texmf-dist/fonts/opentype/adobe/sourcecodepro/SourceCode
Pro-Semibold.otf
Requested font "[SourceCodePro-LightIt.otf]/OT" at 10.0pt
 -> /usr/share/texlive/texmf-dist/fonts/opentype/adobe/sourcecodepro/SourceCode
Pro-LightIt.otf
Requested font "[SourceCodePro-SemiboldIt.otf]/OT" at 10.0pt
 -> /usr/share/texlive/texmf-dist/fonts/opentype/adobe/sourcecodepro/SourceCode
Pro-SemiboldIt.otf
.................................................
. fontspec info: "defining-font"
. 
. Font family 'SourceCodePro(3)' created for font 'SourceCodePro' with options
. [Ligatures = TeX,Numbers =,Scale = 1,Extension = .otf,UprightFont =
. *-Light,ItalicFont = *-LightIt,BoldFont = *-Semibold,BoldItalicFont =
. *-SemiboldIt].
.  
.  This font family consists of the following NFSS series/shapes:
.  
. - 'normal' (m/n) with NFSS spec.:
. <->s*[1]"[SourceCodePro-Light.otf]/OT:script=latn;language=DFLT;mapping=tex-t
ext;"
. - 'small caps'  (m/sc) with NFSS spec.: 
. - 'bold' (bx/n) with NFSS spec.:
. <->s*[1]"[SourceCodePro-Semibold.otf]/OT:script=latn;language=DFLT;mapping=te
x-text;"
. - 'bold small caps'  (bx/sc) with NFSS spec.: 
. - 'italic' (m/it) with NFSS spec.:
. <->s*[1]"[SourceCodePro-LightIt.otf]/OT:script=latn;language=DFLT;mapping=tex
-text;"
. - 'italic small caps'  (m/itsc) with NFSS spec.: 
. - 'bold italic' (bx/it) with NFSS spec.:
. <->s*[1]"[SourceCodePro-SemiboldIt.otf]/OT:script=latn;language=DFLT;mapping=
tex-text;"
. - 'bold italic small caps'  (bx/itsc) with NFSS spec.: 
.................................................
Requested font "[SourceCodePro-ExtraLight.otf]/OT" at 10.0pt
 -> /usr/share/texlive/texmf-dist/fonts/opentype/adobe/sourcecodepro/SourceCode
Pro-ExtraLight.otf
Requested font "[SourceCodePro-Black.otf]/OT" at 10.0pt
 -> /usr/share/texlive/texmf-dist/fonts/opentype/adobe/sourcecodepro/SourceCode
Pro-Black.otf
Requested font "[SourceCodePro-ExtraLightIt.otf]/OT" at 10.0pt
 -> /usr/share/texlive/texmf-dist/fonts/opentype/adobe/sourcecodepro/SourceCode
Pro-ExtraLightIt.otf
Requested font "[SourceCodePro-BlackIt.otf]/OT" at 10.0pt
 -> /usr/share/texlive/texmf-dist/fonts/opentype/adobe/sourcecodepro/SourceCode
Pro-BlackIt.otf
.................................................
. fontspec info: "defining-font"
. 
. Font family 'SourceCodePro(4)' created for font 'SourceCodePro' with options
. [Ligatures = TeX,Numbers =,Scale = 1,Extension = .otf,UprightFont =
. *-ExtraLight,ItalicFont = *-ExtraLightIt,BoldFont = *-Black,BoldItalicFont =
. *-BlackIt].
.  
.  This font family consists of the following NFSS series/shapes:
.  
. - 'normal' (m/n) with NFSS spec.:
. <->s*[1]"[SourceCodePro-ExtraLight.otf]/OT:script=latn;language=DFLT;mapping=
tex-text;"
. - 'small caps'  (m/sc) with NFSS spec.: 
. - 'bold' (bx/n) with NFSS spec.:
. <->s*[1]"[SourceCodePro-Black.otf]/OT:script=latn;language=DFLT;mapping=tex-t
ext;"
. - 'bold small caps'  (bx/sc) with NFSS spec.: 
. - 'italic' (m/it) with NFSS spec.:
. <->s*[1]"[SourceCodePro-ExtraLightIt.otf]/OT:script=latn;language=DFLT;mappin
g=tex-text;"
. - 'italic small caps'  (m/itsc) with NFSS spec.: 
. - 'bold italic' (bx/it) with NFSS spec.:
. <->s*[1]"[SourceCodePro-BlackIt.otf]/OT:script=latn;language=DFLT;mapping=tex
-text;"
. - 'bold italic small caps'  (bx/itsc) with NFSS spec.: 
.................................................
.................................................
. fontspec info: "defining-font"
. 
. Font family 'SourceCodePro(5)' created for font 'SourceCodePro' with options
. [Ligatures = TeX,Numbers =,Scale = 1,Extension = .otf,Numbers =,UprightFont
. = *-Regular,ItalicFont = *-RegularIt,BoldFont = *-Bold,BoldItalicFont =
. *-BoldIt].
.  
.  This font family consists of the following NFSS series/shapes:
.  
. - 'normal' (m/n) with NFSS spec.:
. <->s*[1]"[SourceCodePro-Regular.otf]/OT:script=latn;language=DFLT;mapping=tex
-text;"
. - 'small caps'  (m/sc) with NFSS spec.: 
. - 'bold' (bx/n) with NFSS spec.:
. <->s*[1]"[SourceCodePro-Bold.otf]/OT:script=latn;language=DFLT;mapping=tex-te
xt;"
. - 'bold small caps'  (bx/sc) with NFSS spec.: 
. - 'italic' (m/it) with NFSS spec.:
. <->s*[1]"[SourceCodePro-RegularIt.otf]/OT:script=latn;language=DFLT;mapping=t
ex-text;"
. - 'italic small caps'  (m/itsc) with NFSS spec.: 
. - 'bold italic' (bx/it) with NFSS spec.:
. <->s*[1]"[SourceCodePro-BoldIt.otf]/OT:script=latn;language=DFLT;mapping=tex-
text;"
. - 'bold italic small caps'  (bx/itsc) with NFSS spec.: 
.................................................
)
.................................................
. fontspec info: "defining-font"
. 
. Font family 'SourceCodePro(6)' created for font 'SourceCodePro' with options
. [Numbers =,Scale = 1,Extension = .otf,UprightFont = *-Regular,ItalicFont =
. *-RegularIt,BoldFont = *-Regular,BoldItalicFont = *-RegularIt].
.  
.  This font family consists of the following NFSS series/shapes:
.  
. - 'normal' (m/n) with NFSS spec.:
. <->s*[1]"[SourceCodePro-Regular.otf]/OT:script=latn;language=DFLT;"
. - 'small caps'  (m/sc) with NFSS spec.: 
. - 'bold' (bx/n) with NFSS spec.:
. <->s*[1]"[SourceCodePro-Regular.otf]/OT:script=latn;language=DFLT;"
. - 'bold small caps'  (bx/sc) with NFSS spec.: 
. - 'italic' (m/it) with NFSS spec.:
. <->s*[1]"[SourceCodePro-RegularIt.otf]/OT:script=latn;language=DFLT;"
. - 'italic small caps'  (m/itsc) with NFSS spec.: 
. - 'bold italic' (bx/it) with NFSS spec.:
. <->s*[1]"[SourceCodePro-RegularIt.otf]/OT:script=latn;language=DFLT;"
. - 'bold italic small caps'  (bx/itsc) with NFSS spec.: 
.................................................
LaTeX Info: Redefining \ttfamily on input line 38.

(/usr/share/texlive/texmf-dist/tex/latex/fancyvrb/fancyvrb.sty
Package: fancyvrb 2008/02/07

Style option: `fancyvrb' v2.7a, with DG/SPQR fixes, and firstline=lastline fix 
<2008/02/07> (tvz)
\FV@CodeLineNo=\count283
\FV@InFile=\read3
\FV@TabBox=\box44
\c@FancyVerbLine=\count284
\FV@StepNumber=\count285
\FV@OutFile=\write3
) (/usr/share/texlive/texmf-dist/tex/latex/xcolor/xcolor.sty
Package: xcolor 2016/05/11 v2.12 LaTeX color extensions (UK)

(/usr/share/texlive/texmf-dist/tex/latex/graphics-cfg/color.cfg
File: color.cfg 2016/01/02 v1.6 sample color configuration
)
Package xcolor Info: Driver file: xetex.def on input line 225.
Package xcolor Info: Model `cmy' substituted by `cmy0' on input line 1348.
Package xcolor Info: Model `RGB' extended on input line 1364.
Package xcolor Info: Model `HTML' substituted by `rgb' on input line 1366.
Package xcolor Info: Model `Hsb' substituted by `hsb' on input line 1367.
Package xcolor Info: Model `tHsb' substituted by `hsb' on input line 1368.
Package xcolor Info: Model `HSB' substituted by `hsb' on input line 1369.
Package xcolor Info: Model `Gray' substituted by `gray' on input line 1370.
Package xcolor Info: Model `wave' substituted by `hsb' on input line 1371.
)
(/usr/share/texlive/texmf-dist/tex/latex/fixme/fixme.sty
Package: fixme 2017/03/05 v4.4 Collaborative annotations for LaTeX2e
\lox@file=\read4
\c@fixmecount=\count286
\c@fxnotecount=\count287
\c@fxwarningcount=\count288
\c@fxerrorcount=\count289
\c@fxfatalcount=\count290
)
(/usr/share/texlive/texmf-dist/tex/latex/fnbreak/fnbreak.sty
Package: fnbreak 2012/01/01 v1.30 Warning for pagebreak in footnote (HH)
\c@fnb@@numberpages=\count291
)
(/usr/share/texlive/texmf-dist/tex/latex/hyperref/hyperref.sty
Package: hyperref 2017/03/14 v6.85a Hypertext links for LaTeX

(/usr/share/texlive/texmf-dist/tex/generic/oberdiek/hobsub-hyperref.sty
Package: hobsub-hyperref 2016/05/16 v1.14 Bundle oberdiek, subset hyperref (HO)


(/usr/share/texlive/texmf-dist/tex/generic/oberdiek/hobsub-generic.sty
Package: hobsub-generic 2016/05/16 v1.14 Bundle oberdiek, subset generic (HO)
Package: hobsub 2016/05/16 v1.14 Construct package bundles (HO)
Package: infwarerr 2016/05/16 v1.4 Providing info/warning/error messages (HO)
Package: ltxcmds 2016/05/16 v1.23 LaTeX kernel commands for general use (HO)
Package hobsub Info: Skipping package `ifluatex' (already loaded).
Package hobsub Info: Skipping package `ifvtex' (already loaded).
Package: intcalc 2016/05/16 v1.2 Expandable calculations with integers (HO)
Package hobsub Info: Skipping package `ifpdf' (already loaded).
Package: etexcmds 2016/05/16 v1.6 Avoid name clashes with e-TeX commands (HO)
Package etexcmds Info: Could not find \expanded.
(etexcmds)             That can mean that you are not using pdfTeX 1.50 or
(etexcmds)             that some package has redefined \expanded.
(etexcmds)             In the latter case, load this package earlier.
Package: kvsetkeys 2016/05/16 v1.17 Key value parser (HO)
Package: kvdefinekeys 2016/05/16 v1.4 Define keys (HO)
Package: pdftexcmds 2017/03/19 v0.25 Utility functions of pdfTeX for LuaTeX (HO
)
Package pdftexcmds Info: LuaTeX not detected.
Package pdftexcmds Info: pdfTeX >= 1.30 not detected.
Package pdftexcmds Info: \pdf@primitive is available.
Package pdftexcmds Info: \pdf@ifprimitive is available.
Package pdftexcmds Info: \pdfdraftmode not found.
Package: pdfescape 2016/05/16 v1.14 Implements pdfTeX's escape features (HO)
Package: bigintcalc 2016/05/16 v1.4 Expandable calculations on big integers (HO
)
Package: bitset 2016/05/16 v1.2 Handle bit-vector datatype (HO)
Package: uniquecounter 2016/05/16 v1.3 Provide unlimited unique counter (HO)
)
Package hobsub Info: Skipping package `hobsub' (already loaded).
Package: letltxmacro 2016/05/16 v1.5 Let assignment for LaTeX macros (HO)
Package: hopatch 2016/05/16 v1.3 Wrapper for package hooks (HO)
Package: xcolor-patch 2016/05/16 xcolor patch
Package: atveryend 2016/05/16 v1.9 Hooks at the very end of document (HO)
Package: atbegshi 2016/06/09 v1.18 At begin shipout hook (HO)
Package: refcount 2016/05/16 v3.5 Data extraction from label references (HO)
Package: hycolor 2016/05/16 v1.8 Color options for hyperref/bookmark (HO)
)
(/usr/share/texlive/texmf-dist/tex/latex/oberdiek/auxhook.sty
Package: auxhook 2016/05/16 v1.4 Hooks for auxiliary files (HO)
)
(/usr/share/texlive/texmf-dist/tex/latex/oberdiek/kvoptions.sty
Package: kvoptions 2016/05/16 v3.12 Key value format for package options (HO)
)
\@linkdim=\dimen155
\Hy@linkcounter=\count292
\Hy@pagecounter=\count293

(/usr/share/texlive/texmf-dist/tex/latex/hyperref/pd1enc.def
File: pd1enc.def 2017/03/14 v6.85a Hyperref: PDFDocEncoding definition (HO)
)
\Hy@SavedSpaceFactor=\count294

(/usr/share/texlive/texmf-dist/tex/latex/latexconfig/hyperref.cfg
File: hyperref.cfg 2002/06/06 v1.2 hyperref configuration of TeXLive
)
Package hyperref Info: Hyper figures OFF on input line 4498.
Package hyperref Info: Link nesting OFF on input line 4503.
Package hyperref Info: Hyper index ON on input line 4506.
Package hyperref Info: Plain pages OFF on input line 4513.
Package hyperref Info: Backreferencing OFF on input line 4518.
Package hyperref Info: Implicit mode ON; LaTeX internals redefined.
Package hyperref Info: Bookmarks ON on input line 4751.
\c@Hy@tempcnt=\count295

(/usr/share/texlive/texmf-dist/tex/latex/url/url.sty
\Urlmuskip=\muskip16
Package: url 2013/09/16  ver 3.4  Verb mode for urls, etc.
)
LaTeX Info: Redefining \url on input line 5104.
\XeTeXLinkMargin=\dimen156
Requested font "pzdr" at 0.00002pt
 -> /usr/share/texlive/texmf-dist/fonts/tfm/adobe/zapfding/pzdr.tfm
\Fld@menulength=\count296
\Field@Width=\dimen157
\Fld@charsize=\dimen158
Package hyperref Info: Hyper figures OFF on input line 6358.
Package hyperref Info: Link nesting OFF on input line 6363.
Package hyperref Info: Hyper index ON on input line 6366.
Package hyperref Info: backreferencing OFF on input line 6373.
Package hyperref Info: Link coloring OFF on input line 6378.
Package hyperref Info: Link coloring with OCG OFF on input line 6383.
Package hyperref Info: PDF/A mode OFF on input line 6388.
LaTeX Info: Redefining \ref on input line 6428.
LaTeX Info: Redefining \pageref on input line 6432.
\Hy@abspage=\count297
\c@Item=\count298
\c@Hfootnote=\count299
)

Package hyperref Message: Driver (autodetected): hxetex.

(/usr/share/texlive/texmf-dist/tex/latex/hyperref/hxetex.def
File: hxetex.def 2017/03/14 v6.85a Hyperref driver for XeTeX

(/usr/share/texlive/texmf-dist/tex/latex/hyperref/puenc.def
File: puenc.def 2017/03/14 v6.85a Hyperref: PDF Unicode definition (HO)
)
(/usr/share/texlive/texmf-dist/tex/generic/oberdiek/stringenc.sty
Package: stringenc 2016/05/16 v1.11 Convert strings between diff. encodings (HO
)
)
\pdfm@box=\box45
\c@Hy@AnnotLevel=\count300
\HyField@AnnotCount=\count301
\Fld@listcount=\count302
\c@bookmark@seq@number=\count303

(/usr/share/texlive/texmf-dist/tex/latex/oberdiek/rerunfilecheck.sty
Package: rerunfilecheck 2016/05/16 v1.8 Rerun checks for auxiliary files (HO)
Package rerunfilecheck Info: Feature \pdfmdfivesum is not available
(rerunfilecheck)             (e.g. pdfTeX or LuaTeX with package `pdftexcmds').

(rerunfilecheck)             Therefore file contents cannot be checked efficien
tly
(rerunfilecheck)             and the loading of the package is aborted.
)
\Hy@SectionHShift=\skip86
)
Package hyperref Info: Option `colorlinks' set `true' on input line 56.

(out/index.aux)
\openout1 = `index.aux'.

LaTeX Font Info:    Checking defaults for OML/cmm/m/it on input line 75.
LaTeX Font Info:    ... okay on input line 75.
LaTeX Font Info:    Checking defaults for T1/cmr/m/n on input line 75.
LaTeX Font Info:    ... okay on input line 75.
LaTeX Font Info:    Checking defaults for OT1/cmr/m/n on input line 75.
LaTeX Font Info:    ... okay on input line 75.
LaTeX Font Info:    Checking defaults for OMS/cmsy/m/n on input line 75.
LaTeX Font Info:    ... okay on input line 75.
LaTeX Font Info:    Checking defaults for TU/lmr/m/n on input line 75.
LaTeX Font Info:    ... okay on input line 75.
LaTeX Font Info:    Checking defaults for OMX/cmex/m/n on input line 75.
LaTeX Font Info:    ... okay on input line 75.
LaTeX Font Info:    Checking defaults for U/cmr/m/n on input line 75.
LaTeX Font Info:    ... okay on input line 75.
LaTeX Font Info:    Checking defaults for TS1/cmr/m/n on input line 75.
LaTeX Font Info:    Try loading font information for TS1+cmr on input line 75.
 (/usr/share/texlive/texmf-dist/tex/latex/base/ts1cmr.fd
File: ts1cmr.fd 2014/09/29 v2.5h Standard LaTeX font definitions
)
LaTeX Font Info:    ... okay on input line 75.
LaTeX Font Info:    Checking defaults for PD1/pdf/m/n on input line 75.
LaTeX Font Info:    ... okay on input line 75.
LaTeX Font Info:    Checking defaults for PU/pdf/m/n on input line 75.
LaTeX Font Info:    ... okay on input line 75.

*geometry* driver: auto-detecting
*geometry* detected driver: xetex
*geometry* verbose mode - [ preamble ] result:
* driver: xetex
* paper: a4paper
* layout: <same size as paper>
* layoutoffset:(h,v)=(0.0pt,0.0pt)
* modes: 
* h-part:(L,W,R)=(72.26999pt, 452.9679pt, 72.26999pt)
* v-part:(T,H,B)=(72.26999pt, 700.50687pt, 72.26999pt)
* \paperwidth=597.50787pt
* \paperheight=845.04684pt
* \textwidth=452.9679pt
* \textheight=700.50687pt
* \oddsidemargin=0.0pt
* \evensidemargin=0.0pt
* \topmargin=-37.0pt
* \headheight=12.0pt
* \headsep=25.0pt
* \topskip=10.0pt
* \footskip=30.0pt
* \marginparwidth=65.0pt
* \marginparsep=11.0pt
* \columnsep=10.0pt
* \skip\footins=9.0pt plus 4.0pt minus 2.0pt
* \hoffset=0.0pt
* \voffset=0.0pt
* \mag=1000
* \@twocolumnfalse
* \@twosidefalse
* \@mparswitchfalse
* \@reversemarginfalse
* (1in=72.27pt=25.4mm, 1cm=28.453pt)

.................................................
. fontspec info: "setup-math"
. 
. Adjusting the maths setup (use [no-math] to avoid this).
.................................................
\symlegacymaths=\mathgroup4
LaTeX Font Info:    Overwriting symbol font `legacymaths' in version `bold'
(Font)                  OT1/cmr/m/n --> OT1/cmr/bx/n on input line 75.
LaTeX Font Info:    Redeclaring math accent \acute on input line 75.
LaTeX Font Info:    Redeclaring math accent \grave on input line 75.
LaTeX Font Info:    Redeclaring math accent \ddot on input line 75.
LaTeX Font Info:    Redeclaring math accent \tilde on input line 75.
LaTeX Font Info:    Redeclaring math accent \bar on input line 75.
LaTeX Font Info:    Redeclaring math accent \breve on input line 75.
LaTeX Font Info:    Redeclaring math accent \check on input line 75.
LaTeX Font Info:    Redeclaring math accent \hat on input line 75.
LaTeX Font Info:    Redeclaring math accent \dot on input line 75.
LaTeX Font Info:    Redeclaring math accent \mathring on input line 75.
LaTeX Font Info:    Redeclaring math symbol \colon on input line 75.
LaTeX Font Info:    Redeclaring math symbol \Gamma on input line 75.
LaTeX Font Info:    Redeclaring math symbol \Delta on input line 75.
LaTeX Font Info:    Redeclaring math symbol \Theta on input line 75.
LaTeX Font Info:    Redeclaring math symbol \Lambda on input line 75.
LaTeX Font Info:    Redeclaring math symbol \Xi on input line 75.
LaTeX Font Info:    Redeclaring math symbol \Pi on input line 75.
LaTeX Font Info:    Redeclaring math symbol \Sigma on input line 75.
LaTeX Font Info:    Redeclaring math symbol \Upsilon on input line 75.
LaTeX Font Info:    Redeclaring math symbol \Phi on input line 75.
LaTeX Font Info:    Redeclaring math symbol \Psi on input line 75.
LaTeX Font Info:    Redeclaring math symbol \Omega on input line 75.
LaTeX Font Info:    Redeclaring math symbol \mathdollar on input line 75.
LaTeX Font Info:    Redeclaring symbol font `operators' on input line 75.
LaTeX Font Info:    Encoding `OT1' has changed to `TU' for symbol font
(Font)              `operators' in the math version `normal' on input line 75.
LaTeX Font Info:    Overwriting symbol font `operators' in version `normal'
(Font)                  OT1/cmr/m/n --> TU/NotoSerif(0)/m/n on input line 75.
LaTeX Font Info:    Encoding `OT1' has changed to `TU' for symbol font
(Font)              `operators' in the math version `bold' on input line 75.
LaTeX Font Info:    Overwriting symbol font `operators' in version `bold'
(Font)                  OT1/cmr/bx/n --> TU/NotoSerif(0)/m/n on input line 75.
LaTeX Font Info:    Overwriting symbol font `operators' in version `normal'
(Font)                  TU/NotoSerif(0)/m/n --> TU/NotoSerif(0)/m/n on input li
ne 75.
LaTeX Font Info:    Overwriting math alphabet `\mathit' in version `normal'
(Font)                  OT1/cmr/m/it --> TU/NotoSerif(0)/m/it on input line 75.

LaTeX Font Info:    Overwriting math alphabet `\mathbf' in version `normal'
(Font)                  OT1/cmr/bx/n --> TU/NotoSerif(0)/bx/n on input line 75.

LaTeX Font Info:    Overwriting math alphabet `\mathsf' in version `normal'
(Font)                  OT1/cmss/m/n --> TU/lmss/m/n on input line 75.
LaTeX Font Info:    Overwriting math alphabet `\mathtt' in version `normal'
(Font)                  OT1/cmtt/m/n --> TU/SourceCodePro(6)/m/n on input line 
75.
LaTeX Font Info:    Overwriting symbol font `operators' in version `bold'
(Font)                  TU/NotoSerif(0)/m/n --> TU/NotoSerif(0)/bx/n on input l
ine 75.
LaTeX Font Info:    Overwriting math alphabet `\mathit' in version `bold'
(Font)                  OT1/cmr/bx/it --> TU/NotoSerif(0)/bx/it on input line 7
5.
LaTeX Font Info:    Overwriting math alphabet `\mathsf' in version `bold'
(Font)                  OT1/cmss/bx/n --> TU/lmss/bx/n on input line 75.
LaTeX Font Info:    Overwriting math alphabet `\mathtt' in version `bold'
(Font)                  OT1/cmtt/m/n --> TU/SourceCodePro(6)/bx/n on input line
 75.
\AtBeginShipoutBox=\box46
Package hyperref Info: Link coloring ON on input line 75.
(/usr/share/texlive/texmf-dist/tex/latex/hyperref/nameref.sty
Package: nameref 2016/05/21 v2.44 Cross-referencing by name of section

(/usr/share/texlive/texmf-dist/tex/generic/oberdiek/gettitlestring.sty
Package: gettitlestring 2016/05/16 v1.5 Cleanup title references (HO)
)
\c@section@level=\count304
)
LaTeX Info: Redefining \ref on input line 75.
LaTeX Info: Redefining \pageref on input line 75.
LaTeX Info: Redefining \nameref on input line 75.

(out/index.out) (out/index.out)
\@outlinefile=\write4
\openout4 = `index.out'.

LaTeX Font Info:    Font shape `TU/NotoSerif(0)/m/n' will be
(Font)              scaled to size 17.28pt on input line 77.
Requested font "[NotoSerif-Regular.ttf]/OT:script=latn;language=DFLT;mapping=te
x-text;" at 17.28pt
 -> /usr/share/texlive/texmf-dist/fonts/truetype/google/noto/NotoSerif-Regular.
ttf
LaTeX Font Info:    Font shape `TU/NotoSerif(0)/m/n' will be
(Font)              scaled to size 14.4pt on input line 77.
Requested font "[NotoSerif-Regular.ttf]/OT:script=latn;language=DFLT;mapping=te
x-text;" at 14.4pt
 -> /usr/share/texlive/texmf-dist/fonts/truetype/google/noto/NotoSerif-Regular.
ttf
LaTeX Font Info:    Font shape `TU/NotoSerif(0)/m/n' will be
(Font)              scaled to size 20.74pt on input line 77.
Requested font "[NotoSerif-Regular.ttf]/OT:script=latn;language=DFLT;mapping=te
x-text;" at 20.74pt
 -> /usr/share/texlive/texmf-dist/fonts/truetype/google/noto/NotoSerif-Regular.
ttf
LaTeX Font Info:    Font shape `TU/NotoSerif(0)/m/n' will be
(Font)              scaled to size 12.0pt on input line 77.
Requested font "[NotoSerif-Regular.ttf]/OT:script=latn;language=DFLT;mapping=te
x-text;" at 12.0pt
 -> /usr/share/texlive/texmf-dist/fonts/truetype/google/noto/NotoSerif-Regular.
ttf
LaTeX Font Info:    Font shape `TU/NotoSerif(0)/m/n' will be
(Font)              scaled to size 8.0pt on input line 77.
Requested font "[NotoSerif-Regular.ttf]/OT:script=latn;language=DFLT;mapping=te
x-text;" at 8.0pt
 -> /usr/share/texlive/texmf-dist/fonts/truetype/google/noto/NotoSerif-Regular.
ttf
LaTeX Font Info:    Font shape `TU/NotoSerif(0)/m/n' will be
(Font)              scaled to size 6.0pt on input line 77.
Requested font "[NotoSerif-Regular.ttf]/OT:script=latn;language=DFLT;mapping=te
x-text;" at 6.0pt
 -> /usr/share/texlive/texmf-dist/fonts/truetype/google/noto/NotoSerif-Regular.
ttf
Requested font "cmmi12" at 12.0pt
 -> /usr/share/texlive/texmf-dist/fonts/tfm/public/cm/cmmi12.tfm
Requested font "cmmi8" at 8.0pt
 -> /usr/share/texlive/texmf-dist/fonts/tfm/public/cm/cmmi8.tfm
Requested font "cmmi6" at 6.0pt
 -> /usr/share/texlive/texmf-dist/fonts/tfm/public/cm/cmmi6.tfm
Requested font "cmsy10" at 12.0pt
 -> /usr/share/texlive/texmf-dist/fonts/tfm/public/cm/cmsy10.tfm
Requested font "cmsy8" at 8.0pt
 -> /usr/share/texlive/texmf-dist/fonts/tfm/public/cm/cmsy8.tfm
Requested font "cmsy6" at 6.0pt
 -> /usr/share/texlive/texmf-dist/fonts/tfm/public/cm/cmsy6.tfm
LaTeX Font Info:    External font `cmex10' loaded for size
(Font)              <12> on input line 77.
LaTeX Font Info:    External font `cmex10' loaded for size
(Font)              <8> on input line 77.
LaTeX Font Info:    External font `cmex10' loaded for size
(Font)              <6> on input line 77.
Requested font "cmr12" at 12.0pt
 -> /usr/share/texlive/texmf-dist/fonts/tfm/public/cm/cmr12.tfm
Requested font "cmr8" at 8.0pt
 -> /usr/share/texlive/texmf-dist/fonts/tfm/public/cm/cmr8.tfm
Requested font "cmr6" at 6.0pt
 -> /usr/share/texlive/texmf-dist/fonts/tfm/public/cm/cmr6.tfm
LaTeX Font Info:    Font shape `TU/NotoSerif(0)/m/it' will be
(Font)              scaled to size 12.0pt on input line 77.
Requested font "[NotoSerif-Italic.ttf]/OT:script=latn;language=DFLT;mapping=tex
-text;" at 12.0pt
 -> /usr/share/texlive/texmf-dist/fonts/truetype/google/noto/NotoSerif-Italic.t
tf
LaTeX Font Info:    Font shape `TU/NotoSerif(0)/bx/n' will be
(Font)              scaled to size 12.0pt on input line 77.
Requested font "[NotoSerif-Bold.ttf]/OT:script=latn;language=DFLT;mapping=tex-t
ext;" at 12.0pt
 -> /usr/share/texlive/texmf-dist/fonts/truetype/google/noto/NotoSerif-Bold.ttf
LaTeX Font Info:    Font shape `TU/NotoSerif(0)/bx/n' will be
(Font)              scaled to size 8.0pt on input line 77.
Requested font "[NotoSerif-Bold.ttf]/OT:script=latn;language=DFLT;mapping=tex-t
ext;" at 8.0pt
 -> /usr/share/texlive/texmf-dist/fonts/truetype/google/noto/NotoSerif-Bold.ttf

(/usr/share/texlive/texmf-dist/tex/generic/oberdiek/se-ascii-print.def
File: se-ascii-print.def 2016/05/16 v1.11 stringenc: Printable ASCII characters

)
[1

]
LaTeX Font Info:    Font shape `TU/NotoSerif(0)/m/n' will be
(Font)              scaled to size 24.88pt on input line 77.
Requested font "[NotoSerif-Regular.ttf]/OT:script=latn;language=DFLT;mapping=te
x-text;" at 24.88pt
 -> /usr/share/texlive/texmf-dist/fonts/truetype/google/noto/NotoSerif-Regular.
ttf
LaTeX Font Info:    Font shape `TU/NotoSerif(0)/bx/n' will be
(Font)              scaled to size 24.88pt on input line 77.
Requested font "[NotoSerif-Bold.ttf]/OT:script=latn;language=DFLT;mapping=tex-t
ext;" at 24.88pt
 -> /usr/share/texlive/texmf-dist/fonts/truetype/google/noto/NotoSerif-Bold.ttf
 (out/index.toc
LaTeX Font Info:    Font shape `TU/NotoSerif(0)/m/n' will be
(Font)              scaled to size 7.0pt on input line 3.
Requested font "[NotoSerif-Regular.ttf]/OT:script=latn;language=DFLT;mapping=te
x-text;" at 7.0pt
 -> /usr/share/texlive/texmf-dist/fonts/truetype/google/noto/NotoSerif-Regular.
ttf
LaTeX Font Info:    Font shape `TU/NotoSerif(0)/m/n' will be
(Font)              scaled to size 5.0pt on input line 3.
Requested font "[NotoSerif-Regular.ttf]/OT:script=latn;language=DFLT;mapping=te
x-text;" at 5.0pt
 -> /usr/share/texlive/texmf-dist/fonts/truetype/google/noto/NotoSerif-Regular.
ttf
LaTeX Font Info:    External font `cmex10' loaded for size
(Font)              <7> on input line 3.
LaTeX Font Info:    External font `cmex10' loaded for size
(Font)              <5> on input line 3.
)
\tf@toc=\write5
\openout5 = `index.toc'.

 [1]
LaTeX Font Info:    Font shape `TU/NotoSerif(0)/bx/n' will be
(Font)              scaled to size 20.74pt on input line 78.
Requested font "[NotoSerif-Bold.ttf]/OT:script=latn;language=DFLT;mapping=tex-t
ext;" at 20.74pt
 -> /usr/share/texlive/texmf-dist/fonts/truetype/google/noto/NotoSerif-Bold.ttf
 [2

] (./research/1-technology.tex
LaTeX Font Info:    Font shape `TU/NotoSerif(0)/bx/n' will be
(Font)              scaled to size 14.4pt on input line 1.
Requested font "[NotoSerif-Bold.ttf]/OT:script=latn;language=DFLT;mapping=tex-t
ext;" at 14.4pt
 -> /usr/share/texlive/texmf-dist/fonts/truetype/google/noto/NotoSerif-Bold.ttf


Package hyperref Warning: Difference (2) between bookmark levels is greater 
(hyperref)                than one, level fixed on input line 1.

Package hyperref Info: bookmark level for unknown fixme defaults to 0 on input 
line 4.

FiXme Error: 'Not started' on input line 4.

) (./research/2-web-services.tex

FiXme Error: 'Not started' on input line 4.

) (./research/3-rest.tex

FiXme Error: 'Not started' on input line 4.

) (./research/4-examples.tex

FiXme Error: 'Not started' on input line 4.

) [3] [4

] (./implementation/1-proposal.tex

Package hyperref Warning: Difference (2) between bookmark levels is greater 
(hyperref)                than one, level fixed on input line 1.


Package hyperref Warning: Difference (2) between bookmark levels is greater 
(hyperref)                than one, level fixed on input line 3.

FiXme Note: 'statistics instead of information?' on input line 9.
LaTeX Font Info:    Font shape `TU/SourceCodePro(6)/m/n' will be
(Font)              scaled to size 10.0pt on input line 13.
Requested font "[SourceCodePro-Regular.otf]/OT:script=latn;language=DFLT;" at 1
0.0pt
 -> /usr/share/texlive/texmf-dist/fonts/opentype/adobe/sourcecodepro/SourceCode
Pro-Regular.otf
LaTeX Font Info:    Font shape `TU/SourceCodePro(6)/m/n' will be
(Font)              scaled to size 8.0pt on input line 13.
Requested font "[SourceCodePro-Regular.otf]/OT:script=latn;language=DFLT;" at 8
.0pt
 -> /usr/share/texlive/texmf-dist/fonts/opentype/adobe/sourcecodepro/SourceCode
Pro-Regular.otf

FiXme Warning: 'In progress' on input line 17.

LaTeX Font Info:    Font shape `TU/NotoSerif(0)/bx/n' will be
(Font)              scaled to size 10.0pt on input line 19.
Requested font "[NotoSerif-Bold.ttf]/OT:script=latn;language=DFLT;mapping=tex-t
ext;" at 10.0pt
 -> /usr/share/texlive/texmf-dist/fonts/truetype/google/noto/NotoSerif-Bold.ttf
LaTeX Font Info:    Font shape `TU/NotoSerif(0)/m/it' will be
(Font)              scaled to size 10.0pt on input line 19.
Requested font "[NotoSerif-Italic.ttf]/OT:script=latn;language=DFLT;mapping=tex
-text;" at 10.0pt
 -> /usr/share/texlive/texmf-dist/fonts/truetype/google/noto/NotoSerif-Italic.t
tf

FiXme Error: 'Not started' on input line 50.


FiXme Error: 'Not started' on input line 54.

) (./implementation/2-approach.tex

FiXme Error: 'Not started' on input line 4.

) (./implementation/3-management.tex

FiXme Error: 'Not started' on input line 4.

) (./implementation/4-development.tex [5]

FiXme Error: 'Not started' on input line 4.

(./pyg/src/api.tex
LaTeX Font Info:    Font shape `TU/SourceCodePro(6)/bx/n' will be
(Font)              scaled to size 10.0pt on input line 102.
LaTeX Font Info:    Font shape `TU/SourceCodePro(6)/m/it' will be
(Font)              scaled to size 10.0pt on input line 111.
Requested font "[SourceCodePro-RegularIt.otf]/OT:script=latn;language=DFLT;" at
 10.0pt
 -> /usr/share/texlive/texmf-dist/fonts/opentype/adobe/sourcecodepro/SourceCode
Pro-RegularIt.otf
 [6])) [7] (out/index.lox)
\tf@lox=\write6
\openout6 = `index.lox'.



FiXme Summary: Number of notes: 1,
(FiXme)        Number of warnings: 1,
(FiXme)        Number of errors: 9,
(FiXme)        Number of fatal errors: 0,
(FiXme)        Total: 11.

Package atveryend Info: Empty hook `BeforeClearDocument' on input line 89.
[8

]
Package atveryend Info: Empty hook `AfterLastShipout' on input line 89.
 (out/index.aux)
Package atveryend Info: Empty hook `AtVeryEndDocument' on input line 89.
Package atveryend Info: Empty hook `AtEndAfterFileList' on input line 89.
 ) 
Here is how much of TeX's memory you used:
 22638 strings out of 494986
 420382 string characters out of 6178629
 526012 words of memory out of 5000000
 26151 multiletter control sequences out of 15000+600000
 536758 words of font info for 83 fonts, out of 8000000 for 9000
 14 hyphenation exceptions out of 8191
 42i,8n,69p,10414b,676s stack positions out of 5000i,500n,10000p,200000b,80000s

Output written on out/index.pdf (9 pages).
